
*** Running vivado
    with args -log top_printer.vds -m64 -product Vivado -mode batch -messageDb vivado.pb -notrace -source top_printer.tcl


ECHO is off.
ECHO is off.

****** Vivado v2023.1.1 (64-bit)
  **** SW Build 3900603 on Fri Jun 16 19:31:24 MDT 2023
  **** IP Build 3900379 on Sat Jun 17 05:28:05 MDT 2023
  **** SharedData Build 3899622 on Fri Jun 16 03:34:24 MDT 2023
    ** Copyright 1986-2022 Xilinx, Inc. All Rights Reserved.
    ** Copyright 2022-2023 Advanced Micro Devices, Inc. All Rights Reserved.

source top_printer.tcl -notrace
create_project: Time (s): cpu = 00:00:05 ; elapsed = 00:00:05 . Memory (MB): peak = 443.359 ; gain = 163.777
Command: read_checkpoint -auto_incremental -incremental {C:/Users/Jakub/OneDrive/Pulpit/Projekt cyfrwka v2/stepper_motor_movement/stepper_motor_movement.srcs/utils_1/imports/synth_1/top_printer.dcp}
INFO: [Vivado 12-5825] Read reference checkpoint from C:/Users/Jakub/OneDrive/Pulpit/Projekt cyfrwka v2/stepper_motor_movement/stepper_motor_movement.srcs/utils_1/imports/synth_1/top_printer.dcp for incremental synthesis
INFO: [Vivado 12-7989] Please ensure there are no constraint changes
Command: synth_design -top top_printer -part xc7a35tcpg236-1
Starting synth_design
Attempting to get a license for feature 'Synthesis' and/or device 'xc7a35t'
INFO: [Common 17-349] Got license for feature 'Synthesis' and/or device 'xc7a35t'
INFO: [Device 21-403] Loading part xc7a35tcpg236-1
INFO: [Designutils 20-5440] No compile time benefit to using incremental synthesis; A full resynthesis will be run
INFO: [Designutils 20-4379] Flow is switching to default flow due to incremental criteria not met. If you would like to alter this behaviour and have the flow terminate instead, please set the following parameter config_implementation {autoIncr.Synth.RejectBehavior Terminate}
INFO: [Synth 8-7079] Multithreading enabled for synth_design using a maximum of 2 processes.
INFO: [Synth 8-7078] Launching helper process for spawning children vivado processes
INFO: [Synth 8-7075] Helper process launched with PID 20644
---------------------------------------------------------------------------------
Starting RTL Elaboration : Time (s): cpu = 00:00:04 ; elapsed = 00:00:04 . Memory (MB): peak = 1260.605 ; gain = 410.855
---------------------------------------------------------------------------------
INFO: [Synth 8-6157] synthesizing module 'top_printer' [C:/Users/Jakub/OneDrive/Pulpit/Projekt cyfrwka v2/stepper_motor_movement/stepper_motor_movement.srcs/sources_1/new/top_printer.sv:23]
INFO: [Synth 8-6157] synthesizing module 'printer_controller' [C:/Users/Jakub/OneDrive/Pulpit/Projekt cyfrwka v2/stepper_motor_movement/stepper_motor_movement.srcs/sources_1/new/printer_controller.sv:23]
INFO: [Synth 8-6155] done synthesizing module 'printer_controller' (0#1) [C:/Users/Jakub/OneDrive/Pulpit/Projekt cyfrwka v2/stepper_motor_movement/stepper_motor_movement.srcs/sources_1/new/printer_controller.sv:23]
INFO: [Synth 8-6157] synthesizing module 'printer_movement' [C:/Users/Jakub/OneDrive/Pulpit/Projekt cyfrwka v2/stepper_motor_movement/stepper_motor_movement.srcs/sources_1/new/printer_movement.sv:23]
INFO: [Synth 8-6155] done synthesizing module 'printer_movement' (0#1) [C:/Users/Jakub/OneDrive/Pulpit/Projekt cyfrwka v2/stepper_motor_movement/stepper_motor_movement.srcs/sources_1/new/printer_movement.sv:23]
INFO: [Synth 8-6155] done synthesizing module 'top_printer' (0#1) [C:/Users/Jakub/OneDrive/Pulpit/Projekt cyfrwka v2/stepper_motor_movement/stepper_motor_movement.srcs/sources_1/new/top_printer.sv:23]
WARNING: [Synth 8-87] always_comb on 'x_dir_nxt_reg' did not result in combinational logic [C:/Users/Jakub/OneDrive/Pulpit/Projekt cyfrwka v2/stepper_motor_movement/stepper_motor_movement.srcs/sources_1/new/printer_controller.sv:67]
WARNING: [Synth 8-87] always_comb on 'x_step_nxt_reg' did not result in combinational logic [C:/Users/Jakub/OneDrive/Pulpit/Projekt cyfrwka v2/stepper_motor_movement/stepper_motor_movement.srcs/sources_1/new/printer_controller.sv:68]
WARNING: [Synth 8-87] always_comb on 'y_dir_nxt_reg' did not result in combinational logic [C:/Users/Jakub/OneDrive/Pulpit/Projekt cyfrwka v2/stepper_motor_movement/stepper_motor_movement.srcs/sources_1/new/printer_controller.sv:73]
WARNING: [Synth 8-87] always_comb on 'y_step_nxt_reg' did not result in combinational logic [C:/Users/Jakub/OneDrive/Pulpit/Projekt cyfrwka v2/stepper_motor_movement/stepper_motor_movement.srcs/sources_1/new/printer_controller.sv:74]
WARNING: [Synth 8-87] always_comb on 'z_dir_nxt_reg' did not result in combinational logic [C:/Users/Jakub/OneDrive/Pulpit/Projekt cyfrwka v2/stepper_motor_movement/stepper_motor_movement.srcs/sources_1/new/printer_controller.sv:79]
WARNING: [Synth 8-87] always_comb on 'z_step_nxt_reg' did not result in combinational logic [C:/Users/Jakub/OneDrive/Pulpit/Projekt cyfrwka v2/stepper_motor_movement/stepper_motor_movement.srcs/sources_1/new/printer_controller.sv:80]
---------------------------------------------------------------------------------
Finished RTL Elaboration : Time (s): cpu = 00:00:05 ; elapsed = 00:00:06 . Memory (MB): peak = 1352.219 ; gain = 502.469
---------------------------------------------------------------------------------
---------------------------------------------------------------------------------
Start Handling Custom Attributes
---------------------------------------------------------------------------------
---------------------------------------------------------------------------------
Finished Handling Custom Attributes : Time (s): cpu = 00:00:05 ; elapsed = 00:00:06 . Memory (MB): peak = 1352.219 ; gain = 502.469
---------------------------------------------------------------------------------
---------------------------------------------------------------------------------
Finished RTL Optimization Phase 1 : Time (s): cpu = 00:00:05 ; elapsed = 00:00:06 . Memory (MB): peak = 1352.219 ; gain = 502.469
---------------------------------------------------------------------------------
Netlist sorting complete. Time (s): cpu = 00:00:00 ; elapsed = 00:00:00.002 . Memory (MB): peak = 1352.219 ; gain = 0.000
INFO: [Project 1-570] Preparing netlist for logic optimization

Processing XDC Constraints
Initializing timing engine
Parsing XDC File [C:/Users/Jakub/OneDrive/Pulpit/Projekt cyfrwka v2/stepper_motor_movement/stepper_motor_movement.srcs/constrs_1/imports/constraints/top_vga_basys3.xdc]
Finished Parsing XDC File [C:/Users/Jakub/OneDrive/Pulpit/Projekt cyfrwka v2/stepper_motor_movement/stepper_motor_movement.srcs/constrs_1/imports/constraints/top_vga_basys3.xdc]
INFO: [Project 1-236] Implementation specific constraints were found while reading constraint file [C:/Users/Jakub/OneDrive/Pulpit/Projekt cyfrwka v2/stepper_motor_movement/stepper_motor_movement.srcs/constrs_1/imports/constraints/top_vga_basys3.xdc]. These constraints will be ignored for synthesis but will be used in implementation. Impacted constraints are listed in the file [.Xil/top_printer_propImpl.xdc].
Resolution: To avoid this warning, move constraints listed in [.Xil/top_printer_propImpl.xdc] to another XDC file and exclude this new file from synthesis with the used_in_synthesis property (File Properties dialog in GUI) and re-run elaboration/synthesis.
Completed Processing XDC Constraints

Netlist sorting complete. Time (s): cpu = 00:00:00 ; elapsed = 00:00:00 . Memory (MB): peak = 1385.781 ; gain = 0.000
INFO: [Project 1-111] Unisim Transformation Summary:
No Unisim elements were transformed.

Constraint Validation Runtime : Time (s): cpu = 00:00:00 ; elapsed = 00:00:00.004 . Memory (MB): peak = 1385.781 ; gain = 0.000
INFO: [Designutils 20-5440] No compile time benefit to using incremental synthesis; A full resynthesis will be run
INFO: [Designutils 20-4379] Flow is switching to default flow due to incremental criteria not met. If you would like to alter this behaviour and have the flow terminate instead, please set the following parameter config_implementation {autoIncr.Synth.RejectBehavior Terminate}
---------------------------------------------------------------------------------
Finished Constraint Validation : Time (s): cpu = 00:00:11 ; elapsed = 00:00:11 . Memory (MB): peak = 1385.781 ; gain = 536.031
---------------------------------------------------------------------------------
---------------------------------------------------------------------------------
Start Loading Part and Timing Information
---------------------------------------------------------------------------------
Loading part: xc7a35tcpg236-1
---------------------------------------------------------------------------------
Finished Loading Part and Timing Information : Time (s): cpu = 00:00:11 ; elapsed = 00:00:11 . Memory (MB): peak = 1385.781 ; gain = 536.031
---------------------------------------------------------------------------------
---------------------------------------------------------------------------------
Start Applying 'set_property' XDC Constraints
---------------------------------------------------------------------------------
---------------------------------------------------------------------------------
Finished applying 'set_property' XDC Constraints : Time (s): cpu = 00:00:11 ; elapsed = 00:00:11 . Memory (MB): peak = 1385.781 ; gain = 536.031
---------------------------------------------------------------------------------
WARNING: [Synth 8-327] inferring latch for variable 'x_dir_nxt_reg' [C:/Users/Jakub/OneDrive/Pulpit/Projekt cyfrwka v2/stepper_motor_movement/stepper_motor_movement.srcs/sources_1/new/printer_controller.sv:67]
WARNING: [Synth 8-327] inferring latch for variable 'x_step_nxt_reg' [C:/Users/Jakub/OneDrive/Pulpit/Projekt cyfrwka v2/stepper_motor_movement/stepper_motor_movement.srcs/sources_1/new/printer_controller.sv:68]
WARNING: [Synth 8-327] inferring latch for variable 'y_dir_nxt_reg' [C:/Users/Jakub/OneDrive/Pulpit/Projekt cyfrwka v2/stepper_motor_movement/stepper_motor_movement.srcs/sources_1/new/printer_controller.sv:73]
WARNING: [Synth 8-327] inferring latch for variable 'y_step_nxt_reg' [C:/Users/Jakub/OneDrive/Pulpit/Projekt cyfrwka v2/stepper_motor_movement/stepper_motor_movement.srcs/sources_1/new/printer_controller.sv:74]
WARNING: [Synth 8-327] inferring latch for variable 'z_dir_nxt_reg' [C:/Users/Jakub/OneDrive/Pulpit/Projekt cyfrwka v2/stepper_motor_movement/stepper_motor_movement.srcs/sources_1/new/printer_controller.sv:79]
WARNING: [Synth 8-327] inferring latch for variable 'z_step_nxt_reg' [C:/Users/Jakub/OneDrive/Pulpit/Projekt cyfrwka v2/stepper_motor_movement/stepper_motor_movement.srcs/sources_1/new/printer_controller.sv:80]
---------------------------------------------------------------------------------
Finished RTL Optimization Phase 2 : Time (s): cpu = 00:00:11 ; elapsed = 00:00:12 . Memory (MB): peak = 1385.781 ; gain = 536.031
---------------------------------------------------------------------------------
---------------------------------------------------------------------------------
Start RTL Component Statistics 
---------------------------------------------------------------------------------
Detailed RTL Component Info : 
+---Registers : 
	                1 Bit    Registers := 12    
+---Muxes : 
	   2 Input    1 Bit        Muxes := 15    
	   5 Input    1 Bit        Muxes := 1     
---------------------------------------------------------------------------------
Finished RTL Component Statistics 
---------------------------------------------------------------------------------
---------------------------------------------------------------------------------
Start Part Resource Summary
---------------------------------------------------------------------------------
Part Resources:
DSPs: 90 (col length:60)
BRAMs: 100 (col length: RAMB18 60 RAMB36 30)
---------------------------------------------------------------------------------
Finished Part Resource Summary
---------------------------------------------------------------------------------
---------------------------------------------------------------------------------
Start Cross Boundary and Area Optimization
---------------------------------------------------------------------------------
WARNING: [Synth 8-7080] Parallel synthesis criteria is not met
---------------------------------------------------------------------------------
Finished Cross Boundary and Area Optimization : Time (s): cpu = 00:00:12 ; elapsed = 00:00:13 . Memory (MB): peak = 1385.781 ; gain = 536.031
---------------------------------------------------------------------------------
---------------------------------------------------------------------------------
Start Applying XDC Timing Constraints
---------------------------------------------------------------------------------
---------------------------------------------------------------------------------
Finished Applying XDC Timing Constraints : Time (s): cpu = 00:00:17 ; elapsed = 00:00:17 . Memory (MB): peak = 1385.781 ; gain = 536.031
---------------------------------------------------------------------------------
---------------------------------------------------------------------------------
Start Timing Optimization
---------------------------------------------------------------------------------
---------------------------------------------------------------------------------
Finished Timing Optimization : Time (s): cpu = 00:00:17 ; elapsed = 00:00:17 . Memory (MB): peak = 1385.781 ; gain = 536.031
---------------------------------------------------------------------------------
---------------------------------------------------------------------------------
Start Technology Mapping
---------------------------------------------------------------------------------
---------------------------------------------------------------------------------
Finished Technology Mapping : Time (s): cpu = 00:00:17 ; elapsed = 00:00:18 . Memory (MB): peak = 1385.781 ; gain = 536.031
---------------------------------------------------------------------------------
---------------------------------------------------------------------------------
Start IO Insertion
---------------------------------------------------------------------------------
---------------------------------------------------------------------------------
Start Flattening Before IO Insertion
---------------------------------------------------------------------------------
---------------------------------------------------------------------------------
Finished Flattening Before IO Insertion
---------------------------------------------------------------------------------
---------------------------------------------------------------------------------
Start Final Netlist Cleanup
---------------------------------------------------------------------------------
---------------------------------------------------------------------------------
Finished Final Netlist Cleanup
---------------------------------------------------------------------------------
---------------------------------------------------------------------------------
Finished IO Insertion : Time (s): cpu = 00:00:20 ; elapsed = 00:00:21 . Memory (MB): peak = 1385.781 ; gain = 536.031
---------------------------------------------------------------------------------
---------------------------------------------------------------------------------
Start Renaming Generated Instances
---------------------------------------------------------------------------------
---------------------------------------------------------------------------------
Finished Renaming Generated Instances : Time (s): cpu = 00:00:20 ; elapsed = 00:00:21 . Memory (MB): peak = 1385.781 ; gain = 536.031
---------------------------------------------------------------------------------
---------------------------------------------------------------------------------
Start Rebuilding User Hierarchy
---------------------------------------------------------------------------------
---------------------------------------------------------------------------------
Finished Rebuilding User Hierarchy : Time (s): cpu = 00:00:20 ; elapsed = 00:00:21 . Memory (MB): peak = 1385.781 ; gain = 536.031
---------------------------------------------------------------------------------
---------------------------------------------------------------------------------
Start Renaming Generated Ports
---------------------------------------------------------------------------------
---------------------------------------------------------------------------------
Finished Renaming Generated Ports : Time (s): cpu = 00:00:20 ; elapsed = 00:00:21 . Memory (MB): peak = 1385.781 ; gain = 536.031
---------------------------------------------------------------------------------
---------------------------------------------------------------------------------
Start Handling Custom Attributes
---------------------------------------------------------------------------------
---------------------------------------------------------------------------------
Finished Handling Custom Attributes : Time (s): cpu = 00:00:20 ; elapsed = 00:00:21 . Memory (MB): peak = 1385.781 ; gain = 536.031
---------------------------------------------------------------------------------
---------------------------------------------------------------------------------
Start Renaming Generated Nets
---------------------------------------------------------------------------------
---------------------------------------------------------------------------------
Finished Renaming Generated Nets : Time (s): cpu = 00:00:20 ; elapsed = 00:00:21 . Memory (MB): peak = 1385.781 ; gain = 536.031
---------------------------------------------------------------------------------
---------------------------------------------------------------------------------
Start Writing Synthesis Report
---------------------------------------------------------------------------------

Report BlackBoxes: 
+-+--------------+----------+
| |BlackBox name |Instances |
+-+--------------+----------+
+-+--------------+----------+

Report Cell Usage: 
+------+-------+------+
|      |Cell   |Count |
+------+-------+------+
|1     |BUFG   |     1|
|2     |CARRY4 |    15|
|3     |LUT1   |     3|
|4     |LUT2   |     9|
|5     |LUT3   |     5|
|6     |LUT4   |     5|
|7     |LUT5   |     4|
|8     |LUT6   |    12|
|9     |FDRE   |    72|
|10    |LD     |     4|
|11    |LDCP   |     1|
|12    |LDP    |     1|
|13    |IBUF   |     8|
|14    |OBUF   |     6|
+------+-------+------+
---------------------------------------------------------------------------------
Finished Writing Synthesis Report : Time (s): cpu = 00:00:20 ; elapsed = 00:00:21 . Memory (MB): peak = 1385.781 ; gain = 536.031
---------------------------------------------------------------------------------
Synthesis finished with 0 errors, 0 critical warnings and 7 warnings.
Synthesis Optimization Runtime : Time (s): cpu = 00:00:14 ; elapsed = 00:00:20 . Memory (MB): peak = 1385.781 ; gain = 502.469
Synthesis Optimization Complete : Time (s): cpu = 00:00:20 ; elapsed = 00:00:21 . Memory (MB): peak = 1385.781 ; gain = 536.031
INFO: [Project 1-571] Translating synthesized netlist
Netlist sorting complete. Time (s): cpu = 00:00:00 ; elapsed = 00:00:00.001 . Memory (MB): peak = 1388.887 ; gain = 0.000
INFO: [Netlist 29-17] Analyzing 21 Unisim elements for replacement
INFO: [Netlist 29-28] Unisim Transformation completed in 0 CPU seconds
INFO: [Project 1-570] Preparing netlist for logic optimization
INFO: [Opt 31-138] Pushed 0 inverter(s) to 0 load pin(s).
Netlist sorting complete. Time (s): cpu = 00:00:00 ; elapsed = 00:00:00 . Memory (MB): peak = 1394.539 ; gain = 0.000
INFO: [Project 1-111] Unisim Transformation Summary:
  A total of 6 instances were transformed.
  LD => LDCE: 4 instances
  LDCP => LDCP (GND, LDCE, LUT3(x2), VCC): 1 instance 
  LDP => LDPE: 1 instance 

Synth Design complete | Checksum: 7e8e74d
INFO: [Common 17-83] Releasing license: Synthesis
27 Infos, 13 Warnings, 0 Critical Warnings and 0 Errors encountered.
synth_design completed successfully
synth_design: Time (s): cpu = 00:00:24 ; elapsed = 00:00:26 . Memory (MB): peak = 1394.539 ; gain = 926.332
INFO: [Common 17-1381] The checkpoint 'C:/Users/Jakub/OneDrive/Pulpit/Projekt cyfrwka v2/stepper_motor_movement/stepper_motor_movement.runs/synth_1/top_printer.dcp' has been generated.
INFO: [runtcl-4] Executing : report_utilization -file top_printer_utilization_synth.rpt -pb top_printer_utilization_synth.pb
INFO: [Common 17-206] Exiting Vivado at Tue Aug 20 21:38:52 2024...
